{"message":"Bookmarks with id 20657aa8-2205-4e83-b4b8-f65bfe8a9c28 created","level":"info"}
{"message":"Bookmark with id:cki6ix7hq000604w3ipp4sgyq deleted","level":"info"}
{"message":"Bookmark with id:cki6ix7hq000604w3ipp4sgyq deleted","level":"info"}
{"message":"Bookmarks with id 25008514-83fe-48a1-9daa-d280dbee2275 created","level":"info"}
{"message":"Unauthorized request to path: /bookmarks","level":"error"}
{"message":"Unauthorized request to path: /bookmarks","level":"error"}
{"message":"Title is required","level":"error"}
{"message":"URL required","level":"error"}
{"message":"Title is required","level":"error"}
{"message":"URL required","level":"error"}
{"message":"Title is required","level":"error"}
{"message":"URL required","level":"error"}
{"message":"Title is required","level":"error"}
{"message":"URL required","level":"error"}
{"message":"Title is required","level":"error"}
{"message":"URL required","level":"error"}
{"message":"Title is required","level":"error"}
{"message":"URL required","level":"error"}
{"message":"Title is required","level":"error"}
{"message":"URL required","level":"error"}
{"message":"Title is required","level":"error"}
{"message":"URL required","level":"error"}
{"message":"Title is required","level":"error"}
{"message":"URL required","level":"error"}
{"message":"Title is required","level":"error"}
{"message":"URL required","level":"error"}
{"message":"Title is required","level":"error"}
{"message":"URL required","level":"error"}
{"message":"Title is required","level":"error"}
{"message":"URL required","level":"error"}
{"message":"Title is required","level":"error"}
{"message":"URL required","level":"error"}
{"message":"Title is required","level":"error"}
{"message":"URL required","level":"error"}
{"message":"Title is required","level":"error"}
{"message":"URL required","level":"error"}
{"message":"Title is required","level":"error"}
{"message":"URL required","level":"error"}
{"message":"Title is required","level":"error"}
{"message":"URL required","level":"error"}
{"message":"Title is required","level":"error"}
{"message":"URL required","level":"error"}
{"message":"Title is required","level":"error"}
{"message":"URL required","level":"error"}
{"message":"Title is required","level":"error"}
{"message":"URL required","level":"error"}
{"message":"Title is required","level":"error"}
{"message":"URL required","level":"error"}
{"message":"Title is required","level":"error"}
{"message":"URL required","level":"error"}
{"message":"Title is required","level":"error"}
{"message":"URL required","level":"error"}
{"message":"Title is required","level":"error"}
{"message":"URL required","level":"error"}
{"message":"Title is required","level":"error"}
{"message":"URL required","level":"error"}
{"message":"Title is required","level":"error"}
{"message":"URL required","level":"error"}
{"message":"Title is required","level":"error"}
{"message":"URL required","level":"error"}
